<?xml version="1.0" encoding="UTF-8"?>
<testng-results ignored="0" total="1" passed="1" failed="0" skipped="0">
  <reporter-output>
  </reporter-output>
  <suite started-at="2023-04-10T11:23:19 BOT" name="Default suite" finished-at="2023-04-10T11:23:19 BOT" duration-ms="112">
    <groups>
    </groups>
    <test started-at="2023-04-10T11:23:19 BOT" name="Default test" finished-at="2023-04-10T11:23:19 BOT" duration-ms="112">
      <class name="testng1">
        <test-method signature="school()[pri:0, instance:testng1@f381794]" started-at="2023-04-10T11:23:19 BOT" name="school" finished-at="2023-04-10T11:23:19 BOT" duration-ms="17" status="PASS">
          <reporter-output>
          </reporter-output>
        </test-method> <!-- school -->
      </class> <!-- testng1 -->
    </test> <!-- Default test -->
  </suite> <!-- Default suite -->
</testng-results>
